<?xml version="1.0" encoding="utf-8"?><testsuites name="pytest tests"><testsuite name="pytest" errors="0" failures="3" skipped="0" tests="44" time="19.436" timestamp="2026-04-21T15:37:24.687626+00:00" hostname="agent-env-7ecb0ad9-9094-4df5-b9c9-0b0cfc2137f3"><testcase classname="backend.tests.test_afrobean_api.TestCatalog" name="test_health" time="0.248" /><testcase classname="backend.tests.test_afrobean_api.TestCatalog" name="test_store_info" time="0.057" /><testcase classname="backend.tests.test_afrobean_api.TestCatalog" name="test_categories" time="0.054" /><testcase classname="backend.tests.test_afrobean_api.TestCatalog" name="test_products" time="0.077" /><testcase classname="backend.tests.test_afrobean_api.TestCatalog" name="test_products_peterborough_market" time="0.051" /><testcase classname="backend.tests.test_afrobean_api.TestCatalog" name="test_meal_collections" time="0.072" /><testcase classname="backend.tests.test_afrobean_api.TestCatalog" name="test_meal_collection_jollof" time="0.057" /><testcase classname="backend.tests.test_afrobean_api.TestCatalog" name="test_bundles" time="0.046" /><testcase classname="backend.tests.test_afrobean_api.TestCatalog" name="test_collection_best_sellers" time="0.056" /><testcase classname="backend.tests.test_afrobean_api.TestCatalog" name="test_category_rice" time="0.060" /><testcase classname="backend.tests.test_afrobean_api.TestAuth" name="test_signup_new_user" time="0.328" /><testcase classname="backend.tests.test_afrobean_api.TestAuth" name="test_login_demo" time="0.315" /><testcase classname="backend.tests.test_afrobean_api.TestAuth" name="test_login_invalid" time="0.268" /><testcase classname="backend.tests.test_afrobean_api.TestAuth" name="test_me_requires_auth" time="0.052" /><testcase classname="backend.tests.test_afrobean_api.TestAuth" name="test_me_with_token" time="0.320" /><testcase classname="backend.tests.test_afrobean_api.TestAuth" name="test_otp_flow" time="0.053"><failure message="assert 422 == 200&#10; +  where 422 = &lt;Response [422]&gt;.status_code">backend/tests/test_afrobean_api.py:133: in test_otp_flow
    assert r.status_code == 200
E   assert 422 == 200
E    +  where 422 = &lt;Response [422]&gt;.status_code</failure></testcase><testcase classname="backend.tests.test_afrobean_api.TestAuth" name="test_otp_invalid_code" time="0.093"><failure message="assert 422 == 401&#10; +  where 422 = &lt;Response [422]&gt;.status_code">backend/tests/test_afrobean_api.py:144: in test_otp_invalid_code
    assert r.status_code == 401
E   assert 422 == 401
E    +  where 422 = &lt;Response [422]&gt;.status_code</failure></testcase><testcase classname="backend.tests.test_afrobean_api.TestCart" name="test_delivery_quote_free" time="0.055" /><testcase classname="backend.tests.test_afrobean_api.TestCart" name="test_delivery_quote_paid" time="0.414" /><testcase classname="backend.tests.test_afrobean_api.TestCart" name="test_delivery_quote_out_of_range" time="0.047" /><testcase classname="backend.tests.test_afrobean_api.TestCart" name="test_guest_cart_add_update_clear" time="0.254" /><testcase classname="backend.tests.test_afrobean_api.TestCart" name="test_cart_bulk_add" time="0.108" /><testcase classname="backend.tests.test_afrobean_api.TestWishlist" name="test_wishlist_requires_auth" time="0.054" /><testcase classname="backend.tests.test_afrobean_api.TestWishlist" name="test_wishlist_toggle" time="0.173" /><testcase classname="backend.tests.test_afrobean_api.TestAI" name="test_ai_chat_jollof" time="13.026" /><testcase classname="backend.tests.test_afrobean_api.TestAI" name="test_ai_add_to_cart" time="0.064" /><testcase classname="backend.tests.test_afrobean_api.TestAdmin" name="test_admin_login" time="0.274" /><testcase classname="backend.tests.test_afrobean_api.TestAdmin" name="test_admin_me" time="0.320" /><testcase classname="backend.tests.test_afrobean_api.TestAdmin" name="test_dashboard" time="0.065" /><testcase classname="backend.tests.test_afrobean_api.TestAdmin" name="test_admin_products" time="0.070" /><testcase classname="backend.tests.test_afrobean_api.TestAdmin" name="test_admin_product_crud" time="0.223" /><testcase classname="backend.tests.test_afrobean_api.TestAdmin" name="test_admin_categories_list" time="0.056" /><testcase classname="backend.tests.test_afrobean_api.TestAdmin" name="test_admin_collections" time="0.049" /><testcase classname="backend.tests.test_afrobean_api.TestAdmin" name="test_admin_meal_collections" time="0.107" /><testcase classname="backend.tests.test_afrobean_api.TestAdmin" name="test_admin_bundles" time="0.048" /><testcase classname="backend.tests.test_afrobean_api.TestAdmin" name="test_admin_orders" time="0.056" /><testcase classname="backend.tests.test_afrobean_api.TestAdmin" name="test_admin_customers" time="0.050" /><testcase classname="backend.tests.test_afrobean_api.TestAdmin" name="test_admin_inventory" time="0.157" /><testcase classname="backend.tests.test_afrobean_api.TestAdmin" name="test_admin_messaging" time="0.098" /><testcase classname="backend.tests.test_afrobean_api.TestAdmin" name="test_admin_analytics" time="0.049" /><testcase classname="backend.tests.test_afrobean_api.TestAdmin" name="test_admin_audit_logs" time="0.058" /><testcase classname="backend.tests.test_afrobean_api.TestAdmin" name="test_admin_export_csv" time="0.067" /><testcase classname="backend.tests.test_afrobean_api.TestCheckout" name="test_create_checkout_session" time="0.711" /><testcase classname="backend.tests.test_afrobean_api.TestCheckout" name="test_checkout_status" time="0.282"><failure message="assert 500 == 200&#10; +  where 500 = &lt;Response [500]&gt;.status_code">backend/tests/test_afrobean_api.py:405: in test_checkout_status
    assert r.status_code == 200
E   assert 500 == 200
E    +  where 500 = &lt;Response [500]&gt;.status_code</failure></testcase></testsuite></testsuites>